<?xml version="1.0" encoding="UTF-8"?>
<testsuites name="Mocha Tests" time="0" tests="1" failures="1">
  <testsuite name="Root Suite" timestamp="2021-01-20T15:51:32" tests="0" file="cypress\integration\Tests\login.spec.js" failures="0" time="0">
  </testsuite>
  <testsuite name="Admin Login" timestamp="2021-01-20T15:51:32" tests="1" failures="1" time="0">
    <testcase name="Admin Login Successful Login" time="0" classname="Successful Login">
      <failure message="Timed out retrying: Expected to find content: &apos;User is Logged in&apos; within the element: &lt;body.error404.fusion-image-hovers.fusion-pagination-sizing.fusion-button_size-large.fusion-button_type-flat.fusion-button_span-no.avada-image-rollover-circle-yes.avada-image-rollover-yes.avada-image-rollover-direction-left.fusion-body.ltr.fusion-sticky-header.no-tablet-sticky-header.no-mobile-sticky-header.no-mobile-slidingbar.avada-has-rev-slider-styles.fusion-disable-outline.fusion-sub-menu-fade.mobile-logo-pos-left.layout-wide-mode.avada-has-boxed-modal-shadow-none.layout-scroll-offset-full.avada-has-zero-margin-offset-top.fusion-top-header.menu-text-align-left.mobile-menu-design-modern.fusion-show-pagination-text.fusion-header-layout-v1.avada-responsive.avada-footer-fx-none.avada-menu-highlight-style-bar.fusion-search-form-classic.fusion-main-menu-search-dropdown.fusion-avatar-square.avada-dropdown-styles.avada-blog-layout-grid.avada-blog-archive-layout-grid.avada-header-shadow-no.avada-menu-icon-position-left.avada-has-megamenu-shadow.avada-has-mainmenu-dropdown-divider.avada-has-main-nav-search-icon.avada-has-breadcrumb-mobile-hidden.avada-has-titlebar-bar_and_content.avada-has-slidingbar-widgets.avada-has-slidingbar-position-top.avada-slidingbar-toggle-style-triangle.avada-has-pagination-padding.avada-flyout-menu-direction-fade.avada-ec-views-v1.do-animate.fusion-no-touch&gt; but never did." type="AssertionError"><![CDATA[AssertionError: Timed out retrying: Expected to find content: 'User is Logged in' within the element: <body.error404.fusion-image-hovers.fusion-pagination-sizing.fusion-button_size-large.fusion-button_type-flat.fusion-button_span-no.avada-image-rollover-circle-yes.avada-image-rollover-yes.avada-image-rollover-direction-left.fusion-body.ltr.fusion-sticky-header.no-tablet-sticky-header.no-mobile-sticky-header.no-mobile-slidingbar.avada-has-rev-slider-styles.fusion-disable-outline.fusion-sub-menu-fade.mobile-logo-pos-left.layout-wide-mode.avada-has-boxed-modal-shadow-none.layout-scroll-offset-full.avada-has-zero-margin-offset-top.fusion-top-header.menu-text-align-left.mobile-menu-design-modern.fusion-show-pagination-text.fusion-header-layout-v1.avada-responsive.avada-footer-fx-none.avada-menu-highlight-style-bar.fusion-search-form-classic.fusion-main-menu-search-dropdown.fusion-avatar-square.avada-dropdown-styles.avada-blog-layout-grid.avada-blog-archive-layout-grid.avada-header-shadow-no.avada-menu-icon-position-left.avada-has-megamenu-shadow.avada-has-mainmenu-dropdown-divider.avada-has-main-nav-search-icon.avada-has-breadcrumb-mobile-hidden.avada-has-titlebar-bar_and_content.avada-has-slidingbar-widgets.avada-has-slidingbar-position-top.avada-slidingbar-toggle-style-triangle.avada-has-pagination-padding.avada-flyout-menu-direction-fade.avada-ec-views-v1.do-animate.fusion-no-touch> but never did.
    at Context.eval (http://www.edgewordstraining.co.uk/__cypress/tests?p=cypress\integration\Tests\login.spec.js:114:50)]]></failure>
    </testcase>
  </testsuite>
</testsuites>